Watching for file changes with StatReloader
C:\Users\yokes\AppData\Local\Programs\Python\Python313\Lib\site-packages\requests\__init__.py:113: RequestsDependencyWarning: urllib3 (2.5.0) or chardet (7.4.0.post2)/charset_normalizer (3.4.2) doesn't match a supported version!
  warnings.warn(
[17/Apr/2026 18:15:52] "GET /api/user/health/ HTTP/1.1" 200 48
[17/Apr/2026 18:16:00] "POST /api/user/register/ HTTP/1.1" 201 40
[17/Apr/2026 18:16:08] "POST /api/user/token/ HTTP/1.1" 200 634
C:\Users\yokes\OneDrive\Documents\Full-stack\Django\PIIcasso\identity_service\user_backend\settings.py changed, reloading.
Performing system checks...

System check identified no issues (0 silenced).
April 17, 2026 - 18:15:35
Django version 5.0.14, using settings 'user_backend.settings'
Starting development server at http://127.0.0.1:8001/
Quit the server with CTRL-BREAK.

C:\Users\yokes\AppData\Local\Programs\Python\Python313\Lib\site-packages\requests\__init__.py:113: RequestsDependencyWarning: urllib3 (2.5.0) or chardet (7.4.0.post2)/charset_normalizer (3.4.2) doesn't match a supported version!
  warnings.warn(
Performing system checks...

System check identified no issues (0 silenced).
April 17, 2026 - 21:44:56
Django version 5.0.14, using settings 'user_backend.settings'
Starting development server at http://127.0.0.1:8001/
Quit the server with CTRL-BREAK.

C:\Users\yokes\AppData\Local\Programs\Python\Python313\Lib\site-packages\requests\__init__.py:113: RequestsDependencyWarning: urllib3 (2.5.0) or chardet (7.4.0.post2)/charset_normalizer (3.4.2) doesn't match a supported version!
  warnings.warn(
